2021-Feb-08 11:38:38 Наличие необходимых модулей php (check_php_modules): Ok
Все необходимые модули установлены
2021-Feb-08 11:38:38 Обязательные параметры PHP (check_php_settings): Ok
Настройки правильные
2021-Feb-08 11:38:38 Модули веб-сервера (check_security): Ok
Конфликтов не выявлено
2021-Feb-08 11:38:38 Значения переменных сервера (check_server_vars): Ok
Корректные
2021-Feb-08 11:38:38 Сохранение сессии (check_session): Ok
50% done
2021-Feb-08 11:38:38 Сохранение сессии (check_session): Ok
Успешно
2021-Feb-08 11:38:38 Параметры настройки UTF (mbstring и константа BX_UTF) (check_mbstring): Ok
Правильные. Сайт работает в UTF кодировке
2021-Feb-08 11:38:38 Служебные скрипты в корне сайта (check_install_scripts): Ok
Отсутствуют
2021-Feb-08 11:38:38 Работа с сокетами (check_socket): Ok
Connection to blog.bx:80	Success

Успешно
2021-Feb-08 11:38:38 Выполнение агентов на cron (check_bx_crontab): Ok
Успешно
2021-Feb-08 11:38:38 Параметры подключения к базе данных (check_dbconn_settings): Ok
Успешно
2021-Feb-08 11:38:38 Лишний вывод в файлах конфигурации (check_dbconn): Ok
Connection to blog.bx:80	Success

Успешно
2021-Feb-08 11:38:39 Сохранение сессии без UserAgent (check_session_ua): Ok
50% done
Connection to blog.bx:80	Success

2021-Feb-08 11:38:39 Сохранение сессии без UserAgent (check_session_ua): Ok
Connection to blog.bx:80	Success

Успешно
2021-Feb-08 11:38:39 Настройки сайтов (check_sites): Ok
Правильные
2021-Feb-08 11:38:39 Передача объектов по ссылке (check_clone): Ok
Успешно
2021-Feb-08 11:38:39 Размер стека и pcre.recursion_limit (check_pcre_recursion): Ok
Connection to blog.bx:80	Success

Успешно
2021-Feb-08 11:38:39 Загрузка файла (check_upload): Ok
Connection to blog.bx:80	Success

Успешно
2021-Feb-08 11:38:39 Загрузка файла больше 4Мб (check_upload_big): Ok
Connection to blog.bx:80	Success

Успешно
2021-Feb-08 11:38:39 Загрузка файла через php://input (check_upload_raw): Ok
Connection to blog.bx:80	Success

Успешно
2021-Feb-08 11:38:39 Передача POST запроса с большим числом параметров (check_post): Ok
Connection to blog.bx:80	Success

Успешно
2021-Feb-08 11:43:40 Отправка почты (check_mail): Fail
Ошибка! Не работает
